<?xml version="1.0" encoding="UTF-8"?>
<coverage generated="1777535823895" clover="3.2.0">
  <project timestamp="1777535823895" name="All files">
    <metrics statements="51" coveredstatements="49" conditionals="24" coveredconditionals="20" methods="12" coveredmethods="12" elements="87" coveredelements="81" complexity="0" loc="51" ncloc="51" packages="1" files="2" classes="2"/>
    <file name="dataService.js" path="/Users/ouroboros/Projects/javascript/interval-tracker/src/js/dataService.js">
      <metrics statements="17" coveredstatements="16" conditionals="8" coveredconditionals="7" methods="5" coveredmethods="5"/>
      <line num="8" count="1" type="stmt"/>
      <line num="17" count="17" type="stmt"/>
      <line num="18" count="17" type="stmt"/>
      <line num="19" count="17" type="cond" truecount="2" falsecount="0"/>
      <line num="20" count="11" type="stmt"/>
      <line num="21" count="11" type="cond" truecount="2" falsecount="0"/>
      <line num="23" count="2" type="stmt"/>
      <line num="24" count="2" type="stmt"/>
      <line num="35" count="15" type="stmt"/>
      <line num="36" count="15" type="stmt"/>
      <line num="38" count="0" type="stmt"/>
      <line num="50" count="9" type="stmt"/>
      <line num="53" count="9" type="stmt"/>
      <line num="56" count="9" type="stmt"/>
      <line num="59" count="9" type="cond" truecount="3" falsecount="1"/>
      <line num="61" count="9" type="stmt"/>
      <line num="62" count="9" type="stmt"/>
    </file>
    <file name="parser.js" path="/Users/ouroboros/Projects/javascript/interval-tracker/src/js/parser.js">
      <metrics statements="34" coveredstatements="33" conditionals="16" coveredconditionals="13" methods="7" coveredmethods="7"/>
      <line num="22" count="32" type="stmt"/>
      <line num="25" count="32" type="stmt"/>
      <line num="30" count="32" type="stmt"/>
      <line num="33" count="32" type="stmt"/>
      <line num="35" count="32" type="stmt"/>
      <line num="48" count="32" type="stmt"/>
      <line num="51" count="32" type="cond" truecount="2" falsecount="0"/>
      <line num="53" count="4" type="stmt"/>
      <line num="54" count="4" type="stmt"/>
      <line num="55" count="4" type="stmt"/>
      <line num="58" count="4" type="cond" truecount="1" falsecount="1"/>
      <line num="59" count="4" type="stmt"/>
      <line num="63" count="0" type="stmt"/>
      <line num="74" count="18" type="stmt"/>
      <line num="76" count="34" type="stmt"/>
      <line num="77" count="34" type="stmt"/>
      <line num="87" count="32" type="stmt"/>
      <line num="89" count="32" type="stmt"/>
      <line num="90" count="32" type="cond" truecount="2" falsecount="0"/>
      <line num="95" count="5" type="cond" truecount="1" falsecount="1"/>
      <line num="96" count="5" type="stmt"/>
      <line num="97" count="5" type="cond" truecount="1" falsecount="1"/>
      <line num="100" count="5" type="stmt"/>
      <line num="114" count="21" type="cond" truecount="4" falsecount="0"/>
      <line num="115" count="3" type="stmt"/>
      <line num="118" count="18" type="stmt"/>
      <line num="119" count="18" type="stmt"/>
      <line num="120" count="18" type="stmt"/>
      <line num="122" count="18" type="stmt"/>
      <line num="123" count="32" type="stmt"/>
      <line num="124" count="32" type="cond" truecount="2" falsecount="0"/>
      <line num="125" count="27" type="stmt"/>
      <line num="127" count="5" type="stmt"/>
      <line num="131" count="18" type="stmt"/>
    </file>
  </project>
</coverage>
