{"/Users/ouroboros/Projects/javascript/interval-tracker/src/js/dataService.js": {"path":"/Users/ouroboros/Projects/javascript/interval-tracker/src/js/dataService.js","statementMap":{"0":{"start":{"line":8,"column":20},"end":{"line":8,"column":45}},"1":{"start":{"line":17,"column":2},"end":{"line":25,"column":null}},"2":{"start":{"line":18,"column":16},"end":{"line":18,"column":49}},"3":{"start":{"line":19,"column":4},"end":{"line":19,"column":null}},"4":{"start":{"line":19,"column":14},"end":{"line":19,"column":null}},"5":{"start":{"line":20,"column":19},"end":{"line":20,"column":34}},"6":{"start":{"line":21,"column":4},"end":{"line":21,"column":null}},"7":{"start":{"line":23,"column":4},"end":{"line":23,"column":null}},"8":{"start":{"line":24,"column":4},"end":{"line":24,"column":null}},"9":{"start":{"line":35,"column":2},"end":{"line":39,"column":null}},"10":{"start":{"line":36,"column":4},"end":{"line":36,"column":null}},"11":{"start":{"line":38,"column":4},"end":{"line":38,"column":null}},"12":{"start":{"line":50,"column":19},"end":{"line":50,"column":32}},"13":{"start":{"line":53,"column":19},"end":{"line":53,"column":55}},"14":{"start":{"line":53,"column":39},"end":{"line":53,"column":54}},"15":{"start":{"line":56,"column":17},"end":{"line":56,"column":64}},"16":{"start":{"line":59,"column":2},"end":{"line":59,"column":null}},"17":{"start":{"line":59,"column":25},"end":{"line":59,"column":51}},"18":{"start":{"line":61,"column":2},"end":{"line":61,"column":null}},"19":{"start":{"line":62,"column":2},"end":{"line":62,"column":null}}},"fnMap":{"0":{"name":"loadRecords","decl":{"start":{"line":16,"column":16},"end":{"line":16,"column":27}},"loc":{"start":{"line":16,"column":30},"end":{"line":26,"column":null}},"line":16},"1":{"name":"saveRecords","decl":{"start":{"line":34,"column":16},"end":{"line":34,"column":27}},"loc":{"start":{"line":34,"column":37},"end":{"line":40,"column":null}},"line":34},"2":{"name":"addRecords","decl":{"start":{"line":49,"column":16},"end":{"line":49,"column":26}},"loc":{"start":{"line":49,"column":37},"end":{"line":63,"column":null}},"line":49},"3":{"name":"(anonymous_3)","decl":{"start":{"line":53,"column":32},"end":{"line":53,"column":33}},"loc":{"start":{"line":53,"column":39},"end":{"line":53,"column":54}},"line":53},"4":{"name":"(anonymous_4)","decl":{"start":{"line":59,"column":14},"end":{"line":59,"column":15}},"loc":{"start":{"line":59,"column":25},"end":{"line":59,"column":51}},"line":59}},"branchMap":{"0":{"loc":{"start":{"line":19,"column":4},"end":{"line":19,"column":null}},"type":"if","locations":[{"start":{"line":19,"column":4},"end":{"line":19,"column":null}},{"start":{},"end":{}}],"line":19},"1":{"loc":{"start":{"line":21,"column":11},"end":{"line":21,"column":46}},"type":"cond-expr","locations":[{"start":{"line":21,"column":35},"end":{"line":21,"column":41}},{"start":{"line":21,"column":44},"end":{"line":21,"column":46}}],"line":21},"2":{"loc":{"start":{"line":59,"column":25},"end":{"line":59,"column":51}},"type":"cond-expr","locations":[{"start":{"line":59,"column":33},"end":{"line":59,"column":35}},{"start":{"line":59,"column":38},"end":{"line":59,"column":51}}],"line":59},"3":{"loc":{"start":{"line":59,"column":38},"end":{"line":59,"column":51}},"type":"cond-expr","locations":[{"start":{"line":59,"column":46},"end":{"line":59,"column":47}},{"start":{"line":59,"column":50},"end":{"line":59,"column":51}}],"line":59}},"s":{"0":1,"1":17,"2":17,"3":17,"4":6,"5":11,"6":11,"7":2,"8":2,"9":15,"10":15,"11":0,"12":9,"13":9,"14":9,"15":9,"16":9,"17":3,"18":9,"19":9},"f":{"0":17,"1":15,"2":9,"3":9,"4":3},"b":{"0":[6,11],"1":[8,1],"2":[1,2],"3":[2,0]},"meta":{"lastBranch":4,"lastFunction":5,"lastStatement":20,"seen":{"s:8:20:8:45":0,"f:16:16:16:27":0,"s:17:2:25:Infinity":1,"s:18:16:18:49":2,"b:19:4:19:Infinity:undefined:undefined:undefined:undefined":0,"s:19:4:19:Infinity":3,"s:19:14:19:Infinity":4,"s:20:19:20:34":5,"s:21:4:21:Infinity":6,"b:21:35:21:41:21:44:21:46":1,"s:23:4:23:Infinity":7,"s:24:4:24:Infinity":8,"f:34:16:34:27":1,"s:35:2:39:Infinity":9,"s:36:4:36:Infinity":10,"s:38:4:38:Infinity":11,"f:49:16:49:26":2,"s:50:19:50:32":12,"s:53:19:53:55":13,"f:53:32:53:33":3,"s:53:39:53:54":14,"s:56:17:56:64":15,"s:59:2:59:Infinity":16,"f:59:14:59:15":4,"s:59:25:59:51":17,"b:59:33:59:35:59:38:59:51":2,"b:59:46:59:47:59:50:59:51":3,"s:61:2:61:Infinity":18,"s:62:2:62:Infinity":19}}}
,"/Users/ouroboros/Projects/javascript/interval-tracker/src/js/parser.js": {"path":"/Users/ouroboros/Projects/javascript/interval-tracker/src/js/parser.js","statementMap":{"0":{"start":{"line":22,"column":10},"end":{"line":22,"column":22}},"1":{"start":{"line":25,"column":2},"end":{"line":25,"column":null}},"2":{"start":{"line":30,"column":2},"end":{"line":30,"column":null}},"3":{"start":{"line":33,"column":2},"end":{"line":33,"column":null}},"4":{"start":{"line":35,"column":2},"end":{"line":35,"column":null}},"5":{"start":{"line":48,"column":16},"end":{"line":50,"column":3}},"6":{"start":{"line":51,"column":2},"end":{"line":51,"column":null}},"7":{"start":{"line":51,"column":14},"end":{"line":51,"column":null}},"8":{"start":{"line":53,"column":39},"end":{"line":53,"column":44}},"9":{"start":{"line":54,"column":13},"end":{"line":54,"column":32}},"10":{"start":{"line":55,"column":13},"end":{"line":55,"column":32}},"11":{"start":{"line":58,"column":2},"end":{"line":60,"column":null}},"12":{"start":{"line":59,"column":4},"end":{"line":59,"column":null}},"13":{"start":{"line":63,"column":2},"end":{"line":63,"column":null}},"14":{"start":{"line":74,"column":2},"end":{"line":77,"column":null}},"15":{"start":{"line":76,"column":16},"end":{"line":76,"column":24}},"16":{"start":{"line":77,"column":19},"end":{"line":77,"column":31}},"17":{"start":{"line":87,"column":21},"end":{"line":87,"column":59}},"18":{"start":{"line":89,"column":15},"end":{"line":89,"column":35}},"19":{"start":{"line":90,"column":2},"end":{"line":90,"column":null}},"20":{"start":{"line":90,"column":30},"end":{"line":90,"column":null}},"21":{"start":{"line":95,"column":2},"end":{"line":98,"column":null}},"22":{"start":{"line":96,"column":21},"end":{"line":96,"column":55}},"23":{"start":{"line":97,"column":4},"end":{"line":97,"column":null}},"24":{"start":{"line":97,"column":36},"end":{"line":97,"column":null}},"25":{"start":{"line":100,"column":2},"end":{"line":100,"column":null}},"26":{"start":{"line":114,"column":2},"end":{"line":116,"column":null}},"27":{"start":{"line":115,"column":4},"end":{"line":115,"column":null}},"28":{"start":{"line":118,"column":17},"end":{"line":118,"column":34}},"29":{"start":{"line":119,"column":16},"end":{"line":119,"column":18}},"30":{"start":{"line":120,"column":18},"end":{"line":120,"column":20}},"31":{"start":{"line":122,"column":2},"end":{"line":129,"column":null}},"32":{"start":{"line":123,"column":17},"end":{"line":123,"column":34}},"33":{"start":{"line":124,"column":4},"end":{"line":128,"column":null}},"34":{"start":{"line":125,"column":6},"end":{"line":125,"column":null}},"35":{"start":{"line":127,"column":6},"end":{"line":127,"column":null}},"36":{"start":{"line":131,"column":2},"end":{"line":131,"column":null}}},"fnMap":{"0":{"name":"normaliseToken","decl":{"start":{"line":21,"column":9},"end":{"line":21,"column":23}},"loc":{"start":{"line":21,"column":31},"end":{"line":36,"column":null}},"line":21},"1":{"name":"reorderDayMonth","decl":{"start":{"line":46,"column":9},"end":{"line":46,"column":24}},"loc":{"start":{"line":46,"column":32},"end":{"line":64,"column":null}},"line":46},"2":{"name":"tokenise","decl":{"start":{"line":73,"column":9},"end":{"line":73,"column":17}},"loc":{"start":{"line":73,"column":27},"end":{"line":78,"column":null}},"line":73},"3":{"name":"(anonymous_3)","decl":{"start":{"line":76,"column":9},"end":{"line":76,"column":10}},"loc":{"start":{"line":76,"column":16},"end":{"line":76,"column":24}},"line":76},"4":{"name":"(anonymous_4)","decl":{"start":{"line":77,"column":12},"end":{"line":77,"column":13}},"loc":{"start":{"line":77,"column":19},"end":{"line":77,"column":31}},"line":77},"5":{"name":"parseToken","decl":{"start":{"line":86,"column":9},"end":{"line":86,"column":19}},"loc":{"start":{"line":86,"column":27},"end":{"line":101,"column":null}},"line":86},"6":{"name":"parseOccurrences","decl":{"start":{"line":113,"column":16},"end":{"line":113,"column":32}},"loc":{"start":{"line":113,"column":42},"end":{"line":132,"column":null}},"line":113}},"branchMap":{"0":{"loc":{"start":{"line":51,"column":2},"end":{"line":51,"column":null}},"type":"if","locations":[{"start":{"line":51,"column":2},"end":{"line":51,"column":null}},{"start":{},"end":{}}],"line":51},"1":{"loc":{"start":{"line":58,"column":2},"end":{"line":60,"column":null}},"type":"if","locations":[{"start":{"line":58,"column":2},"end":{"line":60,"column":null}},{"start":{},"end":{}}],"line":58},"2":{"loc":{"start":{"line":90,"column":2},"end":{"line":90,"column":null}},"type":"if","locations":[{"start":{"line":90,"column":2},"end":{"line":90,"column":null}},{"start":{},"end":{}}],"line":90},"3":{"loc":{"start":{"line":95,"column":2},"end":{"line":98,"column":null}},"type":"if","locations":[{"start":{"line":95,"column":2},"end":{"line":98,"column":null}},{"start":{},"end":{}}],"line":95},"4":{"loc":{"start":{"line":97,"column":4},"end":{"line":97,"column":null}},"type":"if","locations":[{"start":{"line":97,"column":4},"end":{"line":97,"column":null}},{"start":{},"end":{}}],"line":97},"5":{"loc":{"start":{"line":114,"column":2},"end":{"line":116,"column":null}},"type":"if","locations":[{"start":{"line":114,"column":2},"end":{"line":116,"column":null}},{"start":{},"end":{}}],"line":114},"6":{"loc":{"start":{"line":114,"column":6},"end":{"line":114,"column":64}},"type":"binary-expr","locations":[{"start":{"line":114,"column":6},"end":{"line":114,"column":33}},{"start":{"line":114,"column":37},"end":{"line":114,"column":64}}],"line":114},"7":{"loc":{"start":{"line":124,"column":4},"end":{"line":128,"column":null}},"type":"if","locations":[{"start":{"line":124,"column":4},"end":{"line":128,"column":null}},{"start":{"line":126,"column":11},"end":{"line":128,"column":null}}],"line":124}},"s":{"0":32,"1":32,"2":32,"3":32,"4":32,"5":32,"6":32,"7":28,"8":4,"9":4,"10":4,"11":4,"12":4,"13":0,"14":18,"15":34,"16":34,"17":32,"18":32,"19":32,"20":27,"21":5,"22":5,"23":5,"24":0,"25":5,"26":21,"27":3,"28":18,"29":18,"30":18,"31":18,"32":32,"33":32,"34":27,"35":5,"36":18},"f":{"0":32,"1":32,"2":18,"3":34,"4":34,"5":32,"6":21},"b":{"0":[28,4],"1":[4,0],"2":[27,5],"3":[5,0],"4":[0,5],"5":[3,18],"6":[21,20],"7":[27,5]},"meta":{"lastBranch":8,"lastFunction":7,"lastStatement":37,"seen":{"f:21:9:21:23":0,"s:22:10:22:22":0,"s:25:2:25:Infinity":1,"s:30:2:30:Infinity":2,"s:33:2:33:Infinity":3,"s:35:2:35:Infinity":4,"f:46:9:46:24":1,"s:48:16:50:3":5,"b:51:2:51:Infinity:undefined:undefined:undefined:undefined":0,"s:51:2:51:Infinity":6,"s:51:14:51:Infinity":7,"s:53:39:53:44":8,"s:54:13:54:32":9,"s:55:13:55:32":10,"b:58:2:60:Infinity:undefined:undefined:undefined:undefined":1,"s:58:2:60:Infinity":11,"s:59:4:59:Infinity":12,"s:63:2:63:Infinity":13,"f:73:9:73:17":2,"s:74:2:77:Infinity":14,"f:76:9:76:10":3,"s:76:16:76:24":15,"f:77:12:77:13":4,"s:77:19:77:31":16,"f:86:9:86:19":5,"s:87:21:87:59":17,"s:89:15:89:35":18,"b:90:2:90:Infinity:undefined:undefined:undefined:undefined":2,"s:90:2:90:Infinity":19,"s:90:30:90:Infinity":20,"b:95:2:98:Infinity:undefined:undefined:undefined:undefined":3,"s:95:2:98:Infinity":21,"s:96:21:96:55":22,"b:97:4:97:Infinity:undefined:undefined:undefined:undefined":4,"s:97:4:97:Infinity":23,"s:97:36:97:Infinity":24,"s:100:2:100:Infinity":25,"f:113:16:113:32":6,"b:114:2:116:Infinity:undefined:undefined:undefined:undefined":5,"s:114:2:116:Infinity":26,"b:114:6:114:33:114:37:114:64":6,"s:115:4:115:Infinity":27,"s:118:17:118:34":28,"s:119:16:119:18":29,"s:120:18:120:20":30,"s:122:2:129:Infinity":31,"s:123:17:123:34":32,"b:124:4:128:Infinity:126:11:128:Infinity":7,"s:124:4:128:Infinity":33,"s:125:6:125:Infinity":34,"s:127:6:127:Infinity":35,"s:131:2:131:Infinity":36}}}
}
